<?xml version="1.0" encoding="UTF-8"?>
<testng-results ignored="0" total="1" passed="1" failed="0" skipped="0">
  <reporter-output>
  </reporter-output>
  <suite started-at="2023-02-28T23:43:46 IST" name="Default suite" finished-at="2023-02-28T23:44:01 IST" duration-ms="14493">
    <groups>
    </groups>
    <test started-at="2023-02-28T23:43:46 IST" name="Default test" finished-at="2023-02-28T23:44:01 IST" duration-ms="14493">
      <class name="playwrightTest.PlayWright.selectClass">
        <test-method signature="testSelectOptions()[pri:0, instance:playwrightTest.PlayWright.selectClass@7ea9e1e2]" started-at="2023-02-28T23:43:46 IST" name="testSelectOptions" finished-at="2023-02-28T23:44:01 IST" duration-ms="14450" status="PASS">
          <reporter-output>
          </reporter-output>
        </test-method> <!-- testSelectOptions -->
      </class> <!-- playwrightTest.PlayWright.selectClass -->
    </test> <!-- Default test -->
  </suite> <!-- Default suite -->
</testng-results>
